[2026-03-13T04:20:21.086530+00:00] main.ERROR: {"feed":"undefined","operation":"undefined","status":"Cannot set indexer to Update On Schedule mode: Invalid entity_type specified: catalog_product","elapsed":"00:00:00 422 ms","pid":"1164","caller":"bin\/magento setup:install --base-url=http:\/\/localhost\/magento2 --db-host=127.0.0.1:3307 --db-name=magento_db --db-user=root"} {"indexer":"catalogsearch_fulltext","exception":"[object] (Magento\\Framework\\Exception\\LocalizedException(code: 0): Invalid entity_type specified: catalog_product at C:/xampp/htdocs/magento2/vendor/magento/module-eav/Model/Config.php:472)"} []
[2026-03-13T04:22:16.139031+00:00] main.INFO: {"feed":"salesOrders","operation":"full reindex(legacy)","status":"Initialize","elapsed":"00:00:00 528 ms","pid":"1164","caller":"bin\/magento setup:install --base-url=http:\/\/localhost\/magento2 --db-host=127.0.0.1:3307 --db-name=magento_db --db-user=root"} [] []
[2026-03-13T04:22:16.500549+00:00] main.INFO: {"feed":"salesOrders","operation":"full reindex(legacy)","status":"Creating batch table `sales_data_exporter_orders_index_batches`. Start position: 0","elapsed":"00:00:01 890 ms","pid":"1164","caller":"bin\/magento setup:install --base-url=http:\/\/localhost\/magento2 --db-host=127.0.0.1:3307 --db-name=magento_db --db-user=root"} [] []
[2026-03-13T04:22:16.554636+00:00] main.INFO: {"feed":"salesOrders","operation":"full reindex(legacy)","status":"Batch table `sales_data_exporter_orders_index_batches` created. Total Items: 0, batches: ~0","elapsed":"00:00:01 944 ms","pid":"1164","caller":"bin\/magento setup:install --base-url=http:\/\/localhost\/magento2 --db-host=127.0.0.1:3307 --db-name=magento_db --db-user=root"} [] []
[2026-03-13T04:22:16.555458+00:00] main.INFO: {"feed":"salesOrders","operation":"full reindex(legacy)","status":"nothing to process - no items to sync. Not expected? Are there any items in source table `sales_order`?","elapsed":"00:00:01 945 ms","pid":"1164","caller":"bin\/magento setup:install --base-url=http:\/\/localhost\/magento2 --db-host=127.0.0.1:3307 --db-name=magento_db --db-user=root"} [] []
[2026-03-13T04:22:16.827776+00:00] main.INFO: {"feed":"salesOrders","operation":"full reindex(legacy)","status":"Complete","elapsed":"00:00:01 217 ms","pid":"1164","caller":"bin\/magento setup:install --base-url=http:\/\/localhost\/magento2 --db-host=127.0.0.1:3307 --db-name=magento_db --db-user=root"} [] []
[2026-03-13T04:22:16.866395+00:00] main.INFO: {"feed":"salesOrderStatuses","operation":"full reindex(legacy)","status":"Initialize","elapsed":"983 ms","pid":"1164","caller":"bin\/magento setup:install --base-url=http:\/\/localhost\/magento2 --db-host=127.0.0.1:3307 --db-name=magento_db --db-user=root"} [] []
[2026-03-13T04:22:17.017712+00:00] main.INFO: {"feed":"salesOrderStatuses","operation":"full reindex(legacy)","status":"Creating batch table `sales_data_exporter_order_statuses_index_batches`. Start position: ","elapsed":"00:00:00 134 ms","pid":"1164","caller":"bin\/magento setup:install --base-url=http:\/\/localhost\/magento2 --db-host=127.0.0.1:3307 --db-name=magento_db --db-user=root"} [] []
[2026-03-13T04:22:17.133820+00:00] main.INFO: {"feed":"salesOrderStatuses","operation":"full reindex(legacy)","status":"Batch table `sales_data_exporter_order_statuses_index_batches` created. Total Items: 12, batches: ~0","elapsed":"00:00:00 250 ms","pid":"1164","caller":"bin\/magento setup:install --base-url=http:\/\/localhost\/magento2 --db-host=127.0.0.1:3307 --db-name=magento_db --db-user=root"} [] []
[2026-03-13T04:22:17.134862+00:00] main.INFO: {"feed":"salesOrderStatuses","operation":"full reindex(legacy)","status":"start processing `12` items in `1` threads with `100` batch size","elapsed":"00:00:00 251 ms","pid":"1164","caller":"bin\/magento setup:install --base-url=http:\/\/localhost\/magento2 --db-host=127.0.0.1:3307 --db-name=magento_db --db-user=root"} [] []
[2026-03-13T04:22:18.433874+00:00] main.INFO: {"feed":"salesOrderStatuses","operation":"full reindex(legacy)","status":"Progress 1\/1, processed 12, synced 12","elapsed":"00:00:02 550 ms","pid":"1164","caller":"bin\/magento setup:install --base-url=http:\/\/localhost\/magento2 --db-host=127.0.0.1:3307 --db-name=magento_db --db-user=root"} [] []
[2026-03-13T04:22:18.452120+00:00] main.INFO: {"feed":"salesOrderStatuses","operation":"full reindex(legacy)","status":"Complete","elapsed":"00:00:02 569 ms","pid":"1164","caller":"bin\/magento setup:install --base-url=http:\/\/localhost\/magento2 --db-host=127.0.0.1:3307 --db-name=magento_db --db-user=root"} [] []
[2026-03-13T04:22:18.653410+00:00] main.INFO: {"feed":"stores","operation":"full reindex(legacy)","status":"Initialize","elapsed":"557 ms","pid":"1164","caller":"bin\/magento setup:install --base-url=http:\/\/localhost\/magento2 --db-host=127.0.0.1:3307 --db-name=magento_db --db-user=root"} [] []
[2026-03-13T04:22:19.303709+00:00] main.INFO: {"feed":"stores","operation":"full reindex(legacy)","status":"Creating batch table `stores_data_exporter_index_batches`. Start position: 0","elapsed":"00:00:00 207 ms","pid":"1164","caller":"bin\/magento setup:install --base-url=http:\/\/localhost\/magento2 --db-host=127.0.0.1:3307 --db-name=magento_db --db-user=root"} [] []
[2026-03-13T04:22:19.419782+00:00] main.INFO: {"feed":"stores","operation":"full reindex(legacy)","status":"Batch table `stores_data_exporter_index_batches` created. Total Items: 1, batches: ~0","elapsed":"00:00:01 323 ms","pid":"1164","caller":"bin\/magento setup:install --base-url=http:\/\/localhost\/magento2 --db-host=127.0.0.1:3307 --db-name=magento_db --db-user=root"} [] []
[2026-03-13T04:22:19.422954+00:00] main.INFO: {"feed":"stores","operation":"full reindex(legacy)","status":"start processing `1` items in `1` threads with `100` batch size","elapsed":"00:00:01 326 ms","pid":"1164","caller":"bin\/magento setup:install --base-url=http:\/\/localhost\/magento2 --db-host=127.0.0.1:3307 --db-name=magento_db --db-user=root"} [] []
[2026-03-13T04:22:19.859483+00:00] main.INFO: {"feed":"stores","operation":"full reindex(legacy)","status":"Progress 1\/1, processed 1, synced 1","elapsed":"00:00:01 763 ms","pid":"1164","caller":"bin\/magento setup:install --base-url=http:\/\/localhost\/magento2 --db-host=127.0.0.1:3307 --db-name=magento_db --db-user=root"} [] []
[2026-03-13T04:22:19.877671+00:00] main.INFO: {"feed":"stores","operation":"full reindex(legacy)","status":"Complete","elapsed":"00:00:01 781 ms","pid":"1164","caller":"bin\/magento setup:install --base-url=http:\/\/localhost\/magento2 --db-host=127.0.0.1:3307 --db-name=magento_db --db-user=root"} [] []
[2026-03-13T12:29:39.424266+00:00] main.INFO: {"feed":"salesOrders","operation":"full reindex(legacy)","status":"Initialize","elapsed":"125 ms","pid":"12920","caller":"bin\/magento indexer:reindex"} [] []
[2026-03-13T12:29:40.079661+00:00] main.INFO: {"feed":"salesOrders","operation":"full reindex(legacy)","status":"Creating batch table `sales_data_exporter_orders_index_batches`. Start position: 0","elapsed":"781 ms","pid":"12920","caller":"bin\/magento indexer:reindex"} [] []
[2026-03-13T12:29:40.168955+00:00] main.INFO: {"feed":"salesOrders","operation":"full reindex(legacy)","status":"Batch table `sales_data_exporter_orders_index_batches` created. Total Items: 0, batches: ~0","elapsed":"871 ms","pid":"12920","caller":"bin\/magento indexer:reindex"} [] []
[2026-03-13T12:29:40.169956+00:00] main.INFO: {"feed":"salesOrders","operation":"full reindex(legacy)","status":"nothing to process - no items to sync. Not expected? Are there any items in source table `sales_order`?","elapsed":"872 ms","pid":"12920","caller":"bin\/magento indexer:reindex"} [] []
[2026-03-13T12:29:40.368678+00:00] main.INFO: {"feed":"salesOrders","operation":"full reindex(legacy)","status":"Complete","elapsed":"00:00:01 70 ms","pid":"12920","caller":"bin\/magento indexer:reindex"} [] []
[2026-03-13T12:29:40.557697+00:00] main.INFO: {"feed":"salesOrderStatuses","operation":"full reindex(legacy)","status":"Initialize","elapsed":"394 ms","pid":"12920","caller":"bin\/magento indexer:reindex"} [] []
[2026-03-13T12:29:40.847643+00:00] main.INFO: {"feed":"salesOrderStatuses","operation":"full reindex(legacy)","status":"Creating batch table `sales_data_exporter_order_statuses_index_batches`. Start position: ","elapsed":"684 ms","pid":"12920","caller":"bin\/magento indexer:reindex"} [] []
[2026-03-13T12:29:41.003949+00:00] main.INFO: {"feed":"salesOrderStatuses","operation":"full reindex(legacy)","status":"Batch table `sales_data_exporter_order_statuses_index_batches` created. Total Items: 12, batches: ~0","elapsed":"840 ms","pid":"12920","caller":"bin\/magento indexer:reindex"} [] []
[2026-03-13T12:29:41.005093+00:00] main.INFO: {"feed":"salesOrderStatuses","operation":"full reindex(legacy)","status":"start processing `12` items in `1` threads with `100` batch size","elapsed":"841 ms","pid":"12920","caller":"bin\/magento indexer:reindex"} [] []
[2026-03-13T12:29:42.184585+00:00] main.INFO: {"feed":"salesOrderStatuses","operation":"full reindex(legacy)","status":"Progress 1\/1, processed 12, synced 12","elapsed":"00:00:01 21 ms","pid":"12920","caller":"bin\/magento indexer:reindex"} [] []
[2026-03-13T12:29:42.241186+00:00] main.INFO: {"feed":"salesOrderStatuses","operation":"full reindex(legacy)","status":"Complete","elapsed":"00:00:01 77 ms","pid":"12920","caller":"bin\/magento indexer:reindex"} [] []
[2026-03-13T12:29:42.388196+00:00] main.INFO: {"feed":"stores","operation":"full reindex(legacy)","status":"Initialize","elapsed":"55 ms","pid":"12920","caller":"bin\/magento indexer:reindex"} [] []
[2026-03-13T12:29:42.721362+00:00] main.INFO: {"feed":"stores","operation":"full reindex(legacy)","status":"Creating batch table `stores_data_exporter_index_batches`. Start position: 0","elapsed":"388 ms","pid":"12920","caller":"bin\/magento indexer:reindex"} [] []
[2026-03-13T12:29:42.820754+00:00] main.INFO: {"feed":"stores","operation":"full reindex(legacy)","status":"Batch table `stores_data_exporter_index_batches` created. Total Items: 1, batches: ~0","elapsed":"487 ms","pid":"12920","caller":"bin\/magento indexer:reindex"} [] []
[2026-03-13T12:29:42.821669+00:00] main.INFO: {"feed":"stores","operation":"full reindex(legacy)","status":"start processing `1` items in `1` threads with `100` batch size","elapsed":"488 ms","pid":"12920","caller":"bin\/magento indexer:reindex"} [] []
[2026-03-13T12:29:42.949335+00:00] main.INFO: {"feed":"stores","operation":"full reindex(legacy)","status":"Progress 1\/1, processed 1, synced 1","elapsed":"616 ms","pid":"12920","caller":"bin\/magento indexer:reindex"} [] []
[2026-03-13T12:29:42.994276+00:00] main.INFO: {"feed":"stores","operation":"full reindex(legacy)","status":"Complete","elapsed":"661 ms","pid":"12920","caller":"bin\/magento indexer:reindex"} [] []
[2026-03-13T13:53:55.938855+00:00] main.INFO: {"feed":"salesOrders","operation":"full reindex(legacy)","status":"Initialize","elapsed":"00:00:00 169 ms","pid":"8064","caller":"bin\/magento indexer:reindex"} [] []
[2026-03-13T13:53:56.404223+00:00] main.INFO: {"feed":"salesOrders","operation":"full reindex(legacy)","status":"Creating batch table `sales_data_exporter_orders_index_batches`. Start position: 0","elapsed":"00:00:01 634 ms","pid":"8064","caller":"bin\/magento indexer:reindex"} [] []
[2026-03-13T13:53:56.470624+00:00] main.INFO: {"feed":"salesOrders","operation":"full reindex(legacy)","status":"Batch table `sales_data_exporter_orders_index_batches` created. Total Items: 0, batches: ~0","elapsed":"00:00:01 700 ms","pid":"8064","caller":"bin\/magento indexer:reindex"} [] []
[2026-03-13T13:53:56.471505+00:00] main.INFO: {"feed":"salesOrders","operation":"full reindex(legacy)","status":"nothing to process - no items to sync. Not expected? Are there any items in source table `sales_order`?","elapsed":"00:00:01 701 ms","pid":"8064","caller":"bin\/magento indexer:reindex"} [] []
[2026-03-13T13:53:56.543216+00:00] main.INFO: {"feed":"salesOrders","operation":"full reindex(legacy)","status":"Complete","elapsed":"00:00:01 773 ms","pid":"8064","caller":"bin\/magento indexer:reindex"} [] []
[2026-03-13T13:53:56.682134+00:00] main.INFO: {"feed":"salesOrderStatuses","operation":"full reindex(legacy)","status":"Initialize","elapsed":"656 ms","pid":"8064","caller":"bin\/magento indexer:reindex"} [] []
[2026-03-13T13:53:56.908177+00:00] main.INFO: {"feed":"salesOrderStatuses","operation":"full reindex(legacy)","status":"Creating batch table `sales_data_exporter_order_statuses_index_batches`. Start position: ","elapsed":"882 ms","pid":"8064","caller":"bin\/magento indexer:reindex"} [] []
[2026-03-13T13:53:56.993778+00:00] main.INFO: {"feed":"salesOrderStatuses","operation":"full reindex(legacy)","status":"Batch table `sales_data_exporter_order_statuses_index_batches` created. Total Items: 12, batches: ~0","elapsed":"968 ms","pid":"8064","caller":"bin\/magento indexer:reindex"} [] []
[2026-03-13T13:53:56.994793+00:00] main.INFO: {"feed":"salesOrderStatuses","operation":"full reindex(legacy)","status":"start processing `12` items in `1` threads with `100` batch size","elapsed":"969 ms","pid":"8064","caller":"bin\/magento indexer:reindex"} [] []
[2026-03-13T13:53:58.405136+00:00] main.INFO: {"feed":"salesOrderStatuses","operation":"full reindex(legacy)","status":"Progress 1\/1, processed 12, synced 12","elapsed":"00:00:02 379 ms","pid":"8064","caller":"bin\/magento indexer:reindex"} [] []
[2026-03-13T13:53:58.418630+00:00] main.INFO: {"feed":"salesOrderStatuses","operation":"full reindex(legacy)","status":"Complete","elapsed":"00:00:02 393 ms","pid":"8064","caller":"bin\/magento indexer:reindex"} [] []
[2026-03-13T13:53:58.479144+00:00] main.INFO: {"feed":"stores","operation":"full reindex(legacy)","status":"Initialize","elapsed":"250 ms","pid":"8064","caller":"bin\/magento indexer:reindex"} [] []
[2026-03-13T13:53:58.783008+00:00] main.INFO: {"feed":"stores","operation":"full reindex(legacy)","status":"Creating batch table `stores_data_exporter_index_batches`. Start position: 0","elapsed":"554 ms","pid":"8064","caller":"bin\/magento indexer:reindex"} [] []
[2026-03-13T13:53:58.857016+00:00] main.INFO: {"feed":"stores","operation":"full reindex(legacy)","status":"Batch table `stores_data_exporter_index_batches` created. Total Items: 1, batches: ~0","elapsed":"628 ms","pid":"8064","caller":"bin\/magento indexer:reindex"} [] []
[2026-03-13T13:53:58.857905+00:00] main.INFO: {"feed":"stores","operation":"full reindex(legacy)","status":"start processing `1` items in `1` threads with `100` batch size","elapsed":"629 ms","pid":"8064","caller":"bin\/magento indexer:reindex"} [] []
[2026-03-13T13:53:58.950397+00:00] main.INFO: {"feed":"stores","operation":"full reindex(legacy)","status":"Progress 1\/1, processed 1, synced 1","elapsed":"722 ms","pid":"8064","caller":"bin\/magento indexer:reindex"} [] []
[2026-03-13T13:53:58.962829+00:00] main.INFO: {"feed":"stores","operation":"full reindex(legacy)","status":"Complete","elapsed":"734 ms","pid":"8064","caller":"bin\/magento indexer:reindex"} [] []
[2026-03-13T14:24:17.174956+00:00] main.INFO: {"feed":"salesOrders","operation":"full reindex(legacy)","status":"Initialize","elapsed":"00:00:00 641 ms","pid":"5312","caller":"bin\/magento indexer:reindex"} [] []
[2026-03-13T14:24:17.826165+00:00] main.INFO: {"feed":"salesOrders","operation":"full reindex(legacy)","status":"Creating batch table `sales_data_exporter_orders_index_batches`. Start position: 0","elapsed":"00:00:01 293 ms","pid":"5312","caller":"bin\/magento indexer:reindex"} [] []
[2026-03-13T14:24:17.929720+00:00] main.INFO: {"feed":"salesOrders","operation":"full reindex(legacy)","status":"Batch table `sales_data_exporter_orders_index_batches` created. Total Items: 0, batches: ~0","elapsed":"00:00:01 396 ms","pid":"5312","caller":"bin\/magento indexer:reindex"} [] []
[2026-03-13T14:24:17.930569+00:00] main.INFO: {"feed":"salesOrders","operation":"full reindex(legacy)","status":"nothing to process - no items to sync. Not expected? Are there any items in source table `sales_order`?","elapsed":"00:00:01 397 ms","pid":"5312","caller":"bin\/magento indexer:reindex"} [] []
[2026-03-13T14:24:17.996944+00:00] main.INFO: {"feed":"salesOrders","operation":"full reindex(legacy)","status":"Complete","elapsed":"00:00:01 464 ms","pid":"5312","caller":"bin\/magento indexer:reindex"} [] []
[2026-03-13T14:24:18.148239+00:00] main.INFO: {"feed":"salesOrderStatuses","operation":"full reindex(legacy)","status":"Initialize","elapsed":"00:00:00 589 ms","pid":"5312","caller":"bin\/magento indexer:reindex"} [] []
[2026-03-13T14:24:18.461885+00:00] main.INFO: {"feed":"salesOrderStatuses","operation":"full reindex(legacy)","status":"Creating batch table `sales_data_exporter_order_statuses_index_batches`. Start position: ","elapsed":"00:00:01 902 ms","pid":"5312","caller":"bin\/magento indexer:reindex"} [] []
[2026-03-13T14:24:18.587722+00:00] main.INFO: {"feed":"salesOrderStatuses","operation":"full reindex(legacy)","status":"Batch table `sales_data_exporter_order_statuses_index_batches` created. Total Items: 12, batches: ~0","elapsed":"00:00:01 28 ms","pid":"5312","caller":"bin\/magento indexer:reindex"} [] []
[2026-03-13T14:24:18.588694+00:00] main.INFO: {"feed":"salesOrderStatuses","operation":"full reindex(legacy)","status":"start processing `12` items in `1` threads with `100` batch size","elapsed":"00:00:01 29 ms","pid":"5312","caller":"bin\/magento indexer:reindex"} [] []
[2026-03-13T14:24:19.751530+00:00] main.INFO: {"feed":"salesOrderStatuses","operation":"full reindex(legacy)","status":"Progress 1\/1, processed 12, synced 12","elapsed":"00:00:02 192 ms","pid":"5312","caller":"bin\/magento indexer:reindex"} [] []
[2026-03-13T14:24:19.792451+00:00] main.INFO: {"feed":"salesOrderStatuses","operation":"full reindex(legacy)","status":"Complete","elapsed":"00:00:02 233 ms","pid":"5312","caller":"bin\/magento indexer:reindex"} [] []
[2026-03-13T14:24:19.866321+00:00] main.INFO: {"feed":"stores","operation":"full reindex(legacy)","status":"Initialize","elapsed":"00:00:00 25 ms","pid":"5312","caller":"bin\/magento indexer:reindex"} [] []
[2026-03-13T14:24:20.118793+00:00] main.INFO: {"feed":"stores","operation":"full reindex(legacy)","status":"Creating batch table `stores_data_exporter_index_batches`. Start position: 0","elapsed":"00:00:00 277 ms","pid":"5312","caller":"bin\/magento indexer:reindex"} [] []
[2026-03-13T14:24:20.267700+00:00] main.INFO: {"feed":"stores","operation":"full reindex(legacy)","status":"Batch table `stores_data_exporter_index_batches` created. Total Items: 1, batches: ~0","elapsed":"00:00:00 426 ms","pid":"5312","caller":"bin\/magento indexer:reindex"} [] []
[2026-03-13T14:24:20.268963+00:00] main.INFO: {"feed":"stores","operation":"full reindex(legacy)","status":"start processing `1` items in `1` threads with `100` batch size","elapsed":"00:00:00 427 ms","pid":"5312","caller":"bin\/magento indexer:reindex"} [] []
[2026-03-13T14:24:20.359259+00:00] main.INFO: {"feed":"stores","operation":"full reindex(legacy)","status":"Progress 1\/1, processed 1, synced 1","elapsed":"00:00:01 518 ms","pid":"5312","caller":"bin\/magento indexer:reindex"} [] []
[2026-03-13T14:24:20.373458+00:00] main.INFO: {"feed":"stores","operation":"full reindex(legacy)","status":"Complete","elapsed":"00:00:01 532 ms","pid":"5312","caller":"bin\/magento indexer:reindex"} [] []
[2026-03-13T14:32:10.761505+00:00] main.INFO: {"feed":"salesOrders","operation":"full reindex(legacy)","status":"Initialize","elapsed":"815 ms","pid":"1912","caller":"bin\/magento indexer:reindex"} [] []
[2026-03-13T14:32:11.111143+00:00] main.INFO: {"feed":"salesOrders","operation":"full reindex(legacy)","status":"Creating batch table `sales_data_exporter_orders_index_batches`. Start position: 0","elapsed":"00:00:00 165 ms","pid":"1912","caller":"bin\/magento indexer:reindex"} [] []
[2026-03-13T14:32:11.193294+00:00] main.INFO: {"feed":"salesOrders","operation":"full reindex(legacy)","status":"Batch table `sales_data_exporter_orders_index_batches` created. Total Items: 0, batches: ~0","elapsed":"00:00:00 247 ms","pid":"1912","caller":"bin\/magento indexer:reindex"} [] []
[2026-03-13T14:32:11.195048+00:00] main.INFO: {"feed":"salesOrders","operation":"full reindex(legacy)","status":"nothing to process - no items to sync. Not expected? Are there any items in source table `sales_order`?","elapsed":"00:00:00 249 ms","pid":"1912","caller":"bin\/magento indexer:reindex"} [] []
[2026-03-13T14:32:11.200236+00:00] main.INFO: {"feed":"salesOrders","operation":"full reindex(legacy)","status":"Complete","elapsed":"00:00:00 254 ms","pid":"1912","caller":"bin\/magento indexer:reindex"} [] []
[2026-03-13T14:32:11.271600+00:00] main.INFO: {"feed":"salesOrderStatuses","operation":"full reindex(legacy)","status":"Initialize","elapsed":"00:00:00 835 ms","pid":"1912","caller":"bin\/magento indexer:reindex"} [] []
[2026-03-13T14:32:11.510932+00:00] main.INFO: {"feed":"salesOrderStatuses","operation":"full reindex(legacy)","status":"Creating batch table `sales_data_exporter_order_statuses_index_batches`. Start position: ","elapsed":"00:00:01 75 ms","pid":"1912","caller":"bin\/magento indexer:reindex"} [] []
[2026-03-13T14:32:11.714645+00:00] main.INFO: {"feed":"salesOrderStatuses","operation":"full reindex(legacy)","status":"Batch table `sales_data_exporter_order_statuses_index_batches` created. Total Items: 12, batches: ~0","elapsed":"00:00:01 278 ms","pid":"1912","caller":"bin\/magento indexer:reindex"} [] []
[2026-03-13T14:32:11.716210+00:00] main.INFO: {"feed":"salesOrderStatuses","operation":"full reindex(legacy)","status":"start processing `12` items in `1` threads with `100` batch size","elapsed":"00:00:01 280 ms","pid":"1912","caller":"bin\/magento indexer:reindex"} [] []
[2026-03-13T14:32:11.906671+00:00] main.INFO: {"feed":"salesOrderStatuses","operation":"full reindex(legacy)","status":"Progress 1\/1, processed 12, synced 12","elapsed":"00:00:01 470 ms","pid":"1912","caller":"bin\/magento indexer:reindex"} [] []
[2026-03-13T14:32:11.951764+00:00] main.INFO: {"feed":"salesOrderStatuses","operation":"full reindex(legacy)","status":"Complete","elapsed":"00:00:01 516 ms","pid":"1912","caller":"bin\/magento indexer:reindex"} [] []
[2026-03-13T14:32:12.022209+00:00] main.INFO: {"feed":"stores","operation":"full reindex(legacy)","status":"Initialize","elapsed":"00:00:00 337 ms","pid":"1912","caller":"bin\/magento indexer:reindex"} [] []
[2026-03-13T14:32:12.379564+00:00] main.INFO: {"feed":"stores","operation":"full reindex(legacy)","status":"Creating batch table `stores_data_exporter_index_batches`. Start position: 0","elapsed":"00:00:01 694 ms","pid":"1912","caller":"bin\/magento indexer:reindex"} [] []
[2026-03-13T14:32:12.458075+00:00] main.INFO: {"feed":"stores","operation":"full reindex(legacy)","status":"Batch table `stores_data_exporter_index_batches` created. Total Items: 1, batches: ~0","elapsed":"00:00:01 772 ms","pid":"1912","caller":"bin\/magento indexer:reindex"} [] []
[2026-03-13T14:32:12.459323+00:00] main.INFO: {"feed":"stores","operation":"full reindex(legacy)","status":"start processing `1` items in `1` threads with `100` batch size","elapsed":"00:00:01 774 ms","pid":"1912","caller":"bin\/magento indexer:reindex"} [] []
[2026-03-13T14:32:12.660224+00:00] main.INFO: {"feed":"stores","operation":"full reindex(legacy)","status":"Progress 1\/1, processed 1, synced 1","elapsed":"00:00:01 975 ms","pid":"1912","caller":"bin\/magento indexer:reindex"} [] []
[2026-03-13T14:32:12.673588+00:00] main.INFO: {"feed":"stores","operation":"full reindex(legacy)","status":"Complete","elapsed":"00:00:01 988 ms","pid":"1912","caller":"bin\/magento indexer:reindex"} [] []
[2026-03-13T16:01:42.365919+00:00] main.INFO: {"feed":"salesOrders","operation":"full reindex(legacy)","status":"Initialize","elapsed":"23 ms","pid":"12828","caller":"bin\/magento indexer:reindex"} [] []
[2026-03-13T16:01:42.849955+00:00] main.INFO: {"feed":"salesOrders","operation":"full reindex(legacy)","status":"Creating batch table `sales_data_exporter_orders_index_batches`. Start position: 0","elapsed":"507 ms","pid":"12828","caller":"bin\/magento indexer:reindex"} [] []
[2026-03-13T16:01:43.008617+00:00] main.INFO: {"feed":"salesOrders","operation":"full reindex(legacy)","status":"Batch table `sales_data_exporter_orders_index_batches` created. Total Items: 0, batches: ~0","elapsed":"666 ms","pid":"12828","caller":"bin\/magento indexer:reindex"} [] []
[2026-03-13T16:01:43.009565+00:00] main.INFO: {"feed":"salesOrders","operation":"full reindex(legacy)","status":"nothing to process - no items to sync. Not expected? Are there any items in source table `sales_order`?","elapsed":"667 ms","pid":"12828","caller":"bin\/magento indexer:reindex"} [] []
[2026-03-13T16:01:43.092869+00:00] main.INFO: {"feed":"salesOrders","operation":"full reindex(legacy)","status":"Complete","elapsed":"750 ms","pid":"12828","caller":"bin\/magento indexer:reindex"} [] []
[2026-03-13T16:01:43.268264+00:00] main.INFO: {"feed":"salesOrderStatuses","operation":"full reindex(legacy)","status":"Initialize","elapsed":"00:00:00 829 ms","pid":"12828","caller":"bin\/magento indexer:reindex"} [] []
[2026-03-13T16:01:43.586258+00:00] main.INFO: {"feed":"salesOrderStatuses","operation":"full reindex(legacy)","status":"Creating batch table `sales_data_exporter_order_statuses_index_batches`. Start position: ","elapsed":"00:00:01 147 ms","pid":"12828","caller":"bin\/magento indexer:reindex"} [] []
[2026-03-13T16:01:43.675146+00:00] main.INFO: {"feed":"salesOrderStatuses","operation":"full reindex(legacy)","status":"Batch table `sales_data_exporter_order_statuses_index_batches` created. Total Items: 12, batches: ~0","elapsed":"00:00:01 236 ms","pid":"12828","caller":"bin\/magento indexer:reindex"} [] []
[2026-03-13T16:01:43.676394+00:00] main.INFO: {"feed":"salesOrderStatuses","operation":"full reindex(legacy)","status":"start processing `12` items in `1` threads with `100` batch size","elapsed":"00:00:01 237 ms","pid":"12828","caller":"bin\/magento indexer:reindex"} [] []
[2026-03-13T16:01:45.107350+00:00] main.INFO: {"feed":"salesOrderStatuses","operation":"full reindex(legacy)","status":"Progress 1\/1, processed 12, synced 12","elapsed":"00:00:02 668 ms","pid":"12828","caller":"bin\/magento indexer:reindex"} [] []
[2026-03-13T16:01:45.119082+00:00] main.INFO: {"feed":"salesOrderStatuses","operation":"full reindex(legacy)","status":"Complete","elapsed":"00:00:02 680 ms","pid":"12828","caller":"bin\/magento indexer:reindex"} [] []
[2026-03-13T16:01:45.207518+00:00] main.INFO: {"feed":"stores","operation":"full reindex(legacy)","status":"Initialize","elapsed":"00:00:00 707 ms","pid":"12828","caller":"bin\/magento indexer:reindex"} [] []
[2026-03-13T16:01:45.583699+00:00] main.INFO: {"feed":"stores","operation":"full reindex(legacy)","status":"Creating batch table `stores_data_exporter_index_batches`. Start position: 0","elapsed":"00:00:01 83 ms","pid":"12828","caller":"bin\/magento indexer:reindex"} [] []
[2026-03-13T16:01:45.667883+00:00] main.INFO: {"feed":"stores","operation":"full reindex(legacy)","status":"Batch table `stores_data_exporter_index_batches` created. Total Items: 1, batches: ~0","elapsed":"00:00:01 168 ms","pid":"12828","caller":"bin\/magento indexer:reindex"} [] []
[2026-03-13T16:01:45.668679+00:00] main.INFO: {"feed":"stores","operation":"full reindex(legacy)","status":"start processing `1` items in `1` threads with `100` batch size","elapsed":"00:00:01 168 ms","pid":"12828","caller":"bin\/magento indexer:reindex"} [] []
[2026-03-13T16:01:45.756487+00:00] main.INFO: {"feed":"stores","operation":"full reindex(legacy)","status":"Progress 1\/1, processed 1, synced 1","elapsed":"00:00:01 256 ms","pid":"12828","caller":"bin\/magento indexer:reindex"} [] []
[2026-03-13T16:01:45.768438+00:00] main.INFO: {"feed":"stores","operation":"full reindex(legacy)","status":"Complete","elapsed":"00:00:01 268 ms","pid":"12828","caller":"bin\/magento indexer:reindex"} [] []
[2026-03-13T17:02:44.638520+00:00] main.INFO: {"feed":"salesOrders","operation":"full reindex(legacy)","status":"Initialize","elapsed":"568 ms","pid":"2320","caller":"bin\/magento indexer:reindex"} [] []
[2026-03-13T17:02:45.084738+00:00] main.INFO: {"feed":"salesOrders","operation":"full reindex(legacy)","status":"Creating batch table `sales_data_exporter_orders_index_batches`. Start position: 0","elapsed":"00:00:00 15 ms","pid":"2320","caller":"bin\/magento indexer:reindex"} [] []
[2026-03-13T17:02:45.161478+00:00] main.INFO: {"feed":"salesOrders","operation":"full reindex(legacy)","status":"Batch table `sales_data_exporter_orders_index_batches` created. Total Items: 0, batches: ~0","elapsed":"00:00:00 91 ms","pid":"2320","caller":"bin\/magento indexer:reindex"} [] []
[2026-03-13T17:02:45.162333+00:00] main.INFO: {"feed":"salesOrders","operation":"full reindex(legacy)","status":"nothing to process - no items to sync. Not expected? Are there any items in source table `sales_order`?","elapsed":"00:00:00 92 ms","pid":"2320","caller":"bin\/magento indexer:reindex"} [] []
[2026-03-13T17:02:45.235095+00:00] main.INFO: {"feed":"salesOrders","operation":"full reindex(legacy)","status":"Complete","elapsed":"00:00:00 165 ms","pid":"2320","caller":"bin\/magento indexer:reindex"} [] []
[2026-03-13T17:02:45.386690+00:00] main.INFO: {"feed":"salesOrderStatuses","operation":"full reindex(legacy)","status":"Initialize","elapsed":"66 ms","pid":"2320","caller":"bin\/magento indexer:reindex"} [] []
[2026-03-13T17:02:45.710422+00:00] main.INFO: {"feed":"salesOrderStatuses","operation":"full reindex(legacy)","status":"Creating batch table `sales_data_exporter_order_statuses_index_batches`. Start position: ","elapsed":"389 ms","pid":"2320","caller":"bin\/magento indexer:reindex"} [] []
[2026-03-13T17:02:45.816528+00:00] main.INFO: {"feed":"salesOrderStatuses","operation":"full reindex(legacy)","status":"Batch table `sales_data_exporter_order_statuses_index_batches` created. Total Items: 12, batches: ~0","elapsed":"495 ms","pid":"2320","caller":"bin\/magento indexer:reindex"} [] []
[2026-03-13T17:02:45.817756+00:00] main.INFO: {"feed":"salesOrderStatuses","operation":"full reindex(legacy)","status":"start processing `12` items in `1` threads with `100` batch size","elapsed":"497 ms","pid":"2320","caller":"bin\/magento indexer:reindex"} [] []
[2026-03-13T17:02:47.009119+00:00] main.INFO: {"feed":"salesOrderStatuses","operation":"full reindex(legacy)","status":"Progress 1\/1, processed 12, synced 12","elapsed":"00:00:01 688 ms","pid":"2320","caller":"bin\/magento indexer:reindex"} [] []
[2026-03-13T17:02:47.044281+00:00] main.INFO: {"feed":"salesOrderStatuses","operation":"full reindex(legacy)","status":"Complete","elapsed":"00:00:01 723 ms","pid":"2320","caller":"bin\/magento indexer:reindex"} [] []
[2026-03-13T17:02:47.128116+00:00] main.INFO: {"feed":"stores","operation":"full reindex(legacy)","status":"Initialize","elapsed":"00:00:00 548 ms","pid":"2320","caller":"bin\/magento indexer:reindex"} [] []
[2026-03-13T17:02:47.355635+00:00] main.INFO: {"feed":"stores","operation":"full reindex(legacy)","status":"Creating batch table `stores_data_exporter_index_batches`. Start position: 0","elapsed":"00:00:01 776 ms","pid":"2320","caller":"bin\/magento indexer:reindex"} [] []
[2026-03-13T17:02:47.445074+00:00] main.INFO: {"feed":"stores","operation":"full reindex(legacy)","status":"Batch table `stores_data_exporter_index_batches` created. Total Items: 1, batches: ~0","elapsed":"00:00:01 865 ms","pid":"2320","caller":"bin\/magento indexer:reindex"} [] []
[2026-03-13T17:02:47.445802+00:00] main.INFO: {"feed":"stores","operation":"full reindex(legacy)","status":"start processing `1` items in `1` threads with `100` batch size","elapsed":"00:00:01 866 ms","pid":"2320","caller":"bin\/magento indexer:reindex"} [] []
[2026-03-13T17:02:47.618487+00:00] main.INFO: {"feed":"stores","operation":"full reindex(legacy)","status":"Progress 1\/1, processed 1, synced 1","elapsed":"00:00:01 39 ms","pid":"2320","caller":"bin\/magento indexer:reindex"} [] []
[2026-03-13T17:02:47.634522+00:00] main.INFO: {"feed":"stores","operation":"full reindex(legacy)","status":"Complete","elapsed":"00:00:01 55 ms","pid":"2320","caller":"bin\/magento indexer:reindex"} [] []
[2026-03-13T17:28:54.322750+00:00] main.INFO: {"feed":"salesOrders","operation":"full reindex(legacy)","status":"Initialize","elapsed":"00:00:00 944 ms","pid":"19072","caller":"bin\/magento indexer:reindex"} [] []
[2026-03-13T17:28:54.698381+00:00] main.INFO: {"feed":"salesOrders","operation":"full reindex(legacy)","status":"Creating batch table `sales_data_exporter_orders_index_batches`. Start position: 0","elapsed":"00:00:01 319 ms","pid":"19072","caller":"bin\/magento indexer:reindex"} [] []
[2026-03-13T17:28:54.765780+00:00] main.INFO: {"feed":"salesOrders","operation":"full reindex(legacy)","status":"Batch table `sales_data_exporter_orders_index_batches` created. Total Items: 0, batches: ~0","elapsed":"00:00:01 387 ms","pid":"19072","caller":"bin\/magento indexer:reindex"} [] []
[2026-03-13T17:28:54.766668+00:00] main.INFO: {"feed":"salesOrders","operation":"full reindex(legacy)","status":"nothing to process - no items to sync. Not expected? Are there any items in source table `sales_order`?","elapsed":"00:00:01 388 ms","pid":"19072","caller":"bin\/magento indexer:reindex"} [] []
[2026-03-13T17:28:54.771336+00:00] main.INFO: {"feed":"salesOrders","operation":"full reindex(legacy)","status":"Complete","elapsed":"00:00:01 392 ms","pid":"19072","caller":"bin\/magento indexer:reindex"} [] []
[2026-03-13T17:28:54.837869+00:00] main.INFO: {"feed":"salesOrderStatuses","operation":"full reindex(legacy)","status":"Initialize","elapsed":"975 ms","pid":"19072","caller":"bin\/magento indexer:reindex"} [] []
[2026-03-13T17:28:55.703838+00:00] main.INFO: {"feed":"salesOrderStatuses","operation":"full reindex(legacy)","status":"Creating batch table `sales_data_exporter_order_statuses_index_batches`. Start position: ","elapsed":"00:00:01 841 ms","pid":"19072","caller":"bin\/magento indexer:reindex"} [] []
[2026-03-13T17:28:55.809481+00:00] main.INFO: {"feed":"salesOrderStatuses","operation":"full reindex(legacy)","status":"Batch table `sales_data_exporter_order_statuses_index_batches` created. Total Items: 12, batches: ~0","elapsed":"00:00:01 947 ms","pid":"19072","caller":"bin\/magento indexer:reindex"} [] []
[2026-03-13T17:28:55.810474+00:00] main.INFO: {"feed":"salesOrderStatuses","operation":"full reindex(legacy)","status":"start processing `12` items in `1` threads with `100` batch size","elapsed":"00:00:01 948 ms","pid":"19072","caller":"bin\/magento indexer:reindex"} [] []
[2026-03-13T17:28:55.958857+00:00] main.INFO: {"feed":"salesOrderStatuses","operation":"full reindex(legacy)","status":"Progress 1\/1, processed 12, synced 12","elapsed":"00:00:01 96 ms","pid":"19072","caller":"bin\/magento indexer:reindex"} [] []
[2026-03-13T17:28:55.970059+00:00] main.INFO: {"feed":"salesOrderStatuses","operation":"full reindex(legacy)","status":"Complete","elapsed":"00:00:01 107 ms","pid":"19072","caller":"bin\/magento indexer:reindex"} [] []
[2026-03-13T17:28:56.030236+00:00] main.INFO: {"feed":"stores","operation":"full reindex(legacy)","status":"Initialize","elapsed":"00:00:00 360 ms","pid":"19072","caller":"bin\/magento indexer:reindex"} [] []
[2026-03-13T17:28:56.343413+00:00] main.INFO: {"feed":"stores","operation":"full reindex(legacy)","status":"Creating batch table `stores_data_exporter_index_batches`. Start position: 0","elapsed":"00:00:00 673 ms","pid":"19072","caller":"bin\/magento indexer:reindex"} [] []
[2026-03-13T17:28:56.415624+00:00] main.INFO: {"feed":"stores","operation":"full reindex(legacy)","status":"Batch table `stores_data_exporter_index_batches` created. Total Items: 1, batches: ~0","elapsed":"00:00:01 745 ms","pid":"19072","caller":"bin\/magento indexer:reindex"} [] []
[2026-03-13T17:28:56.416452+00:00] main.INFO: {"feed":"stores","operation":"full reindex(legacy)","status":"start processing `1` items in `1` threads with `100` batch size","elapsed":"00:00:01 746 ms","pid":"19072","caller":"bin\/magento indexer:reindex"} [] []
[2026-03-13T17:28:56.478857+00:00] main.INFO: {"feed":"stores","operation":"full reindex(legacy)","status":"Progress 1\/1, processed 1, synced 1","elapsed":"00:00:01 808 ms","pid":"19072","caller":"bin\/magento indexer:reindex"} [] []
[2026-03-13T17:28:56.486198+00:00] main.INFO: {"feed":"stores","operation":"full reindex(legacy)","status":"Complete","elapsed":"00:00:01 816 ms","pid":"19072","caller":"bin\/magento indexer:reindex"} [] []
[2026-03-13T17:32:14.376790+00:00] main.INFO: {"feed":"salesOrders","operation":"full reindex(legacy)","status":"Initialize","elapsed":"53 ms","pid":"9220","caller":"bin\/magento indexer:reindex"} [] []
[2026-03-13T17:32:14.628296+00:00] main.INFO: {"feed":"salesOrders","operation":"full reindex(legacy)","status":"Creating batch table `sales_data_exporter_orders_index_batches`. Start position: 0","elapsed":"304 ms","pid":"9220","caller":"bin\/magento indexer:reindex"} [] []
[2026-03-13T17:32:14.761291+00:00] main.INFO: {"feed":"salesOrders","operation":"full reindex(legacy)","status":"Batch table `sales_data_exporter_orders_index_batches` created. Total Items: 0, batches: ~0","elapsed":"437 ms","pid":"9220","caller":"bin\/magento indexer:reindex"} [] []
[2026-03-13T17:32:14.762690+00:00] main.INFO: {"feed":"salesOrders","operation":"full reindex(legacy)","status":"nothing to process - no items to sync. Not expected? Are there any items in source table `sales_order`?","elapsed":"439 ms","pid":"9220","caller":"bin\/magento indexer:reindex"} [] []
[2026-03-13T17:32:14.766398+00:00] main.INFO: {"feed":"salesOrders","operation":"full reindex(legacy)","status":"Complete","elapsed":"442 ms","pid":"9220","caller":"bin\/magento indexer:reindex"} [] []
[2026-03-13T17:32:14.838188+00:00] main.INFO: {"feed":"salesOrderStatuses","operation":"full reindex(legacy)","status":"Initialize","elapsed":"976 ms","pid":"9220","caller":"bin\/magento indexer:reindex"} [] []
[2026-03-13T17:32:15.032296+00:00] main.INFO: {"feed":"salesOrderStatuses","operation":"full reindex(legacy)","status":"Creating batch table `sales_data_exporter_order_statuses_index_batches`. Start position: ","elapsed":"00:00:00 170 ms","pid":"9220","caller":"bin\/magento indexer:reindex"} [] []
[2026-03-13T17:32:15.115425+00:00] main.INFO: {"feed":"salesOrderStatuses","operation":"full reindex(legacy)","status":"Batch table `sales_data_exporter_order_statuses_index_batches` created. Total Items: 12, batches: ~0","elapsed":"00:00:00 253 ms","pid":"9220","caller":"bin\/magento indexer:reindex"} [] []
[2026-03-13T17:32:15.116597+00:00] main.INFO: {"feed":"salesOrderStatuses","operation":"full reindex(legacy)","status":"start processing `12` items in `1` threads with `100` batch size","elapsed":"00:00:00 254 ms","pid":"9220","caller":"bin\/magento indexer:reindex"} [] []
[2026-03-13T17:32:15.375841+00:00] main.INFO: {"feed":"salesOrderStatuses","operation":"full reindex(legacy)","status":"Progress 1\/1, processed 12, synced 12","elapsed":"00:00:01 513 ms","pid":"9220","caller":"bin\/magento indexer:reindex"} [] []
[2026-03-13T17:32:15.388437+00:00] main.INFO: {"feed":"salesOrderStatuses","operation":"full reindex(legacy)","status":"Complete","elapsed":"00:00:01 526 ms","pid":"9220","caller":"bin\/magento indexer:reindex"} [] []
[2026-03-13T17:32:15.864011+00:00] main.INFO: {"feed":"stores","operation":"full reindex(legacy)","status":"Initialize","elapsed":"00:00:00 27 ms","pid":"9220","caller":"bin\/magento indexer:reindex"} [] []
[2026-03-13T17:32:16.317121+00:00] main.INFO: {"feed":"stores","operation":"full reindex(legacy)","status":"Creating batch table `stores_data_exporter_index_batches`. Start position: 0","elapsed":"00:00:00 480 ms","pid":"9220","caller":"bin\/magento indexer:reindex"} [] []
[2026-03-13T17:32:16.445139+00:00] main.INFO: {"feed":"stores","operation":"full reindex(legacy)","status":"Batch table `stores_data_exporter_index_batches` created. Total Items: 1, batches: ~0","elapsed":"00:00:01 608 ms","pid":"9220","caller":"bin\/magento indexer:reindex"} [] []
[2026-03-13T17:32:16.446156+00:00] main.INFO: {"feed":"stores","operation":"full reindex(legacy)","status":"start processing `1` items in `1` threads with `100` batch size","elapsed":"00:00:01 609 ms","pid":"9220","caller":"bin\/magento indexer:reindex"} [] []
[2026-03-13T17:32:16.594216+00:00] main.INFO: {"feed":"stores","operation":"full reindex(legacy)","status":"Progress 1\/1, processed 1, synced 1","elapsed":"00:00:01 757 ms","pid":"9220","caller":"bin\/magento indexer:reindex"} [] []
[2026-03-13T17:32:16.602714+00:00] main.INFO: {"feed":"stores","operation":"full reindex(legacy)","status":"Complete","elapsed":"00:00:01 766 ms","pid":"9220","caller":"bin\/magento indexer:reindex"} [] []
[2026-03-13T17:50:08.145771+00:00] main.INFO: {"feed":"salesOrders","operation":"full reindex(legacy)","status":"Initialize","elapsed":"00:00:00 591 ms","pid":"1560","caller":"bin\/magento indexer:reindex"} [] []
[2026-03-13T17:50:08.644599+00:00] main.INFO: {"feed":"salesOrders","operation":"full reindex(legacy)","status":"Creating batch table `sales_data_exporter_orders_index_batches`. Start position: 0","elapsed":"00:00:01 90 ms","pid":"1560","caller":"bin\/magento indexer:reindex"} [] []
[2026-03-13T17:50:08.796937+00:00] main.INFO: {"feed":"salesOrders","operation":"full reindex(legacy)","status":"Batch table `sales_data_exporter_orders_index_batches` created. Total Items: 0, batches: ~0","elapsed":"00:00:01 242 ms","pid":"1560","caller":"bin\/magento indexer:reindex"} [] []
[2026-03-13T17:50:08.797810+00:00] main.INFO: {"feed":"salesOrders","operation":"full reindex(legacy)","status":"nothing to process - no items to sync. Not expected? Are there any items in source table `sales_order`?","elapsed":"00:00:01 243 ms","pid":"1560","caller":"bin\/magento indexer:reindex"} [] []
[2026-03-13T17:50:08.803304+00:00] main.INFO: {"feed":"salesOrders","operation":"full reindex(legacy)","status":"Complete","elapsed":"00:00:01 248 ms","pid":"1560","caller":"bin\/magento indexer:reindex"} [] []
[2026-03-13T17:50:08.884782+00:00] main.INFO: {"feed":"salesOrderStatuses","operation":"full reindex(legacy)","status":"Initialize","elapsed":"00:00:00 69 ms","pid":"1560","caller":"bin\/magento indexer:reindex"} [] []
[2026-03-13T17:50:09.263956+00:00] main.INFO: {"feed":"salesOrderStatuses","operation":"full reindex(legacy)","status":"Creating batch table `sales_data_exporter_order_statuses_index_batches`. Start position: ","elapsed":"00:00:00 448 ms","pid":"1560","caller":"bin\/magento indexer:reindex"} [] []
[2026-03-13T17:50:09.354007+00:00] main.INFO: {"feed":"salesOrderStatuses","operation":"full reindex(legacy)","status":"Batch table `sales_data_exporter_order_statuses_index_batches` created. Total Items: 12, batches: ~0","elapsed":"00:00:01 538 ms","pid":"1560","caller":"bin\/magento indexer:reindex"} [] []
[2026-03-13T17:50:09.355403+00:00] main.INFO: {"feed":"salesOrderStatuses","operation":"full reindex(legacy)","status":"start processing `12` items in `1` threads with `100` batch size","elapsed":"00:00:01 539 ms","pid":"1560","caller":"bin\/magento indexer:reindex"} [] []
[2026-03-13T17:50:10.115361+00:00] main.INFO: {"feed":"salesOrderStatuses","operation":"full reindex(legacy)","status":"Progress 1\/1, processed 12, synced 12","elapsed":"00:00:01 299 ms","pid":"1560","caller":"bin\/magento indexer:reindex"} [] []
[2026-03-13T17:50:10.179136+00:00] main.INFO: {"feed":"salesOrderStatuses","operation":"full reindex(legacy)","status":"Complete","elapsed":"00:00:01 363 ms","pid":"1560","caller":"bin\/magento indexer:reindex"} [] []
[2026-03-13T17:50:10.354930+00:00] main.INFO: {"feed":"stores","operation":"full reindex(legacy)","status":"Initialize","elapsed":"9 ms","pid":"1560","caller":"bin\/magento indexer:reindex"} [] []
[2026-03-13T17:50:10.847233+00:00] main.INFO: {"feed":"stores","operation":"full reindex(legacy)","status":"Creating batch table `stores_data_exporter_index_batches`. Start position: 0","elapsed":"501 ms","pid":"1560","caller":"bin\/magento indexer:reindex"} [] []
[2026-03-13T17:50:10.926092+00:00] main.INFO: {"feed":"stores","operation":"full reindex(legacy)","status":"Batch table `stores_data_exporter_index_batches` created. Total Items: 1, batches: ~0","elapsed":"580 ms","pid":"1560","caller":"bin\/magento indexer:reindex"} [] []
[2026-03-13T17:50:10.926899+00:00] main.INFO: {"feed":"stores","operation":"full reindex(legacy)","status":"start processing `1` items in `1` threads with `100` batch size","elapsed":"581 ms","pid":"1560","caller":"bin\/magento indexer:reindex"} [] []
[2026-03-13T17:50:11.007625+00:00] main.INFO: {"feed":"stores","operation":"full reindex(legacy)","status":"Progress 1\/1, processed 1, synced 1","elapsed":"662 ms","pid":"1560","caller":"bin\/magento indexer:reindex"} [] []
[2026-03-13T17:50:11.015386+00:00] main.INFO: {"feed":"stores","operation":"full reindex(legacy)","status":"Complete","elapsed":"669 ms","pid":"1560","caller":"bin\/magento indexer:reindex"} [] []
[2026-03-13T17:55:03.671020+00:00] main.INFO: {"feed":"salesOrders","operation":"full reindex(legacy)","status":"Initialize","elapsed":"641 ms","pid":"18320","caller":"bin\/magento indexer:reindex"} [] []
[2026-03-13T17:55:03.989788+00:00] main.INFO: {"feed":"salesOrders","operation":"full reindex(legacy)","status":"Creating batch table `sales_data_exporter_orders_index_batches`. Start position: 0","elapsed":"960 ms","pid":"18320","caller":"bin\/magento indexer:reindex"} [] []
[2026-03-13T17:55:04.052237+00:00] main.INFO: {"feed":"salesOrders","operation":"full reindex(legacy)","status":"Batch table `sales_data_exporter_orders_index_batches` created. Total Items: 0, batches: ~0","elapsed":"00:00:00 22 ms","pid":"18320","caller":"bin\/magento indexer:reindex"} [] []
[2026-03-13T17:55:04.052897+00:00] main.INFO: {"feed":"salesOrders","operation":"full reindex(legacy)","status":"nothing to process - no items to sync. Not expected? Are there any items in source table `sales_order`?","elapsed":"00:00:00 23 ms","pid":"18320","caller":"bin\/magento indexer:reindex"} [] []
[2026-03-13T17:55:04.056911+00:00] main.INFO: {"feed":"salesOrders","operation":"full reindex(legacy)","status":"Complete","elapsed":"00:00:00 27 ms","pid":"18320","caller":"bin\/magento indexer:reindex"} [] []
[2026-03-13T17:55:04.127101+00:00] main.INFO: {"feed":"salesOrderStatuses","operation":"full reindex(legacy)","status":"Initialize","elapsed":"00:00:00 553 ms","pid":"18320","caller":"bin\/magento indexer:reindex"} [] []
[2026-03-13T17:55:04.400807+00:00] main.INFO: {"feed":"salesOrderStatuses","operation":"full reindex(legacy)","status":"Creating batch table `sales_data_exporter_order_statuses_index_batches`. Start position: ","elapsed":"00:00:01 827 ms","pid":"18320","caller":"bin\/magento indexer:reindex"} [] []
[2026-03-13T17:55:04.529220+00:00] main.INFO: {"feed":"salesOrderStatuses","operation":"full reindex(legacy)","status":"Batch table `sales_data_exporter_order_statuses_index_batches` created. Total Items: 12, batches: ~0","elapsed":"00:00:01 955 ms","pid":"18320","caller":"bin\/magento indexer:reindex"} [] []
[2026-03-13T17:55:04.530358+00:00] main.INFO: {"feed":"salesOrderStatuses","operation":"full reindex(legacy)","status":"start processing `12` items in `1` threads with `100` batch size","elapsed":"00:00:01 957 ms","pid":"18320","caller":"bin\/magento indexer:reindex"} [] []
[2026-03-13T17:55:04.692711+00:00] main.INFO: {"feed":"salesOrderStatuses","operation":"full reindex(legacy)","status":"Progress 1\/1, processed 12, synced 12","elapsed":"00:00:01 119 ms","pid":"18320","caller":"bin\/magento indexer:reindex"} [] []
[2026-03-13T17:55:04.703543+00:00] main.INFO: {"feed":"salesOrderStatuses","operation":"full reindex(legacy)","status":"Complete","elapsed":"00:00:01 130 ms","pid":"18320","caller":"bin\/magento indexer:reindex"} [] []
[2026-03-13T17:55:04.765785+00:00] main.INFO: {"feed":"stores","operation":"full reindex(legacy)","status":"Initialize","elapsed":"831 ms","pid":"18320","caller":"bin\/magento indexer:reindex"} [] []
[2026-03-13T17:55:05.096015+00:00] main.INFO: {"feed":"stores","operation":"full reindex(legacy)","status":"Creating batch table `stores_data_exporter_index_batches`. Start position: 0","elapsed":"00:00:00 161 ms","pid":"18320","caller":"bin\/magento indexer:reindex"} [] []
[2026-03-13T17:55:05.163560+00:00] main.INFO: {"feed":"stores","operation":"full reindex(legacy)","status":"Batch table `stores_data_exporter_index_batches` created. Total Items: 1, batches: ~0","elapsed":"00:00:00 229 ms","pid":"18320","caller":"bin\/magento indexer:reindex"} [] []
[2026-03-13T17:55:05.164846+00:00] main.INFO: {"feed":"stores","operation":"full reindex(legacy)","status":"start processing `1` items in `1` threads with `100` batch size","elapsed":"00:00:00 230 ms","pid":"18320","caller":"bin\/magento indexer:reindex"} [] []
[2026-03-13T17:55:05.229740+00:00] main.INFO: {"feed":"stores","operation":"full reindex(legacy)","status":"Progress 1\/1, processed 1, synced 1","elapsed":"00:00:00 295 ms","pid":"18320","caller":"bin\/magento indexer:reindex"} [] []
[2026-03-13T17:55:05.240723+00:00] main.INFO: {"feed":"stores","operation":"full reindex(legacy)","status":"Complete","elapsed":"00:00:00 306 ms","pid":"18320","caller":"bin\/magento indexer:reindex"} [] []
[2026-03-13T18:20:22.344397+00:00] main.INFO: {"feed":"salesOrders","operation":"full reindex(legacy)","status":"Initialize","elapsed":"00:00:00 988 ms","pid":"15176","caller":"bin\/magento indexer:reindex"} [] []
[2026-03-13T18:20:22.851587+00:00] main.INFO: {"feed":"salesOrders","operation":"full reindex(legacy)","status":"Creating batch table `sales_data_exporter_orders_index_batches`. Start position: 0","elapsed":"00:00:01 495 ms","pid":"15176","caller":"bin\/magento indexer:reindex"} [] []
[2026-03-13T18:20:22.975485+00:00] main.INFO: {"feed":"salesOrders","operation":"full reindex(legacy)","status":"Batch table `sales_data_exporter_orders_index_batches` created. Total Items: 0, batches: ~0","elapsed":"00:00:01 619 ms","pid":"15176","caller":"bin\/magento indexer:reindex"} [] []
[2026-03-13T18:20:22.976235+00:00] main.INFO: {"feed":"salesOrders","operation":"full reindex(legacy)","status":"nothing to process - no items to sync. Not expected? Are there any items in source table `sales_order`?","elapsed":"00:00:01 620 ms","pid":"15176","caller":"bin\/magento indexer:reindex"} [] []
[2026-03-13T18:20:23.117627+00:00] main.INFO: {"feed":"salesOrders","operation":"full reindex(legacy)","status":"Complete","elapsed":"00:00:01 761 ms","pid":"15176","caller":"bin\/magento indexer:reindex"} [] []
[2026-03-13T18:20:23.214252+00:00] main.INFO: {"feed":"salesOrderStatuses","operation":"full reindex(legacy)","status":"Initialize","elapsed":"00:00:00 728 ms","pid":"15176","caller":"bin\/magento indexer:reindex"} [] []
[2026-03-13T18:20:23.496879+00:00] main.INFO: {"feed":"salesOrderStatuses","operation":"full reindex(legacy)","status":"Creating batch table `sales_data_exporter_order_statuses_index_batches`. Start position: ","elapsed":"00:00:01 10 ms","pid":"15176","caller":"bin\/magento indexer:reindex"} [] []
[2026-03-13T18:20:23.583709+00:00] main.INFO: {"feed":"salesOrderStatuses","operation":"full reindex(legacy)","status":"Batch table `sales_data_exporter_order_statuses_index_batches` created. Total Items: 12, batches: ~0","elapsed":"00:00:01 97 ms","pid":"15176","caller":"bin\/magento indexer:reindex"} [] []
[2026-03-13T18:20:23.585179+00:00] main.INFO: {"feed":"salesOrderStatuses","operation":"full reindex(legacy)","status":"start processing `12` items in `1` threads with `100` batch size","elapsed":"00:00:01 99 ms","pid":"15176","caller":"bin\/magento indexer:reindex"} [] []
[2026-03-13T18:20:24.494483+00:00] main.INFO: {"feed":"salesOrderStatuses","operation":"full reindex(legacy)","status":"Progress 1\/1, processed 12, synced 12","elapsed":"00:00:02 8 ms","pid":"15176","caller":"bin\/magento indexer:reindex"} [] []
[2026-03-13T18:20:24.506715+00:00] main.INFO: {"feed":"salesOrderStatuses","operation":"full reindex(legacy)","status":"Complete","elapsed":"00:00:02 20 ms","pid":"15176","caller":"bin\/magento indexer:reindex"} [] []
[2026-03-13T18:20:24.570711+00:00] main.INFO: {"feed":"stores","operation":"full reindex(legacy)","status":"Initialize","elapsed":"441 ms","pid":"15176","caller":"bin\/magento indexer:reindex"} [] []
[2026-03-13T18:20:24.776373+00:00] main.INFO: {"feed":"stores","operation":"full reindex(legacy)","status":"Creating batch table `stores_data_exporter_index_batches`. Start position: 0","elapsed":"646 ms","pid":"15176","caller":"bin\/magento indexer:reindex"} [] []
[2026-03-13T18:20:25.005137+00:00] main.INFO: {"feed":"stores","operation":"full reindex(legacy)","status":"Batch table `stores_data_exporter_index_batches` created. Total Items: 1, batches: ~0","elapsed":"875 ms","pid":"15176","caller":"bin\/magento indexer:reindex"} [] []
[2026-03-13T18:20:25.006874+00:00] main.INFO: {"feed":"stores","operation":"full reindex(legacy)","status":"start processing `1` items in `1` threads with `100` batch size","elapsed":"877 ms","pid":"15176","caller":"bin\/magento indexer:reindex"} [] []
[2026-03-13T18:20:25.109876+00:00] main.INFO: {"feed":"stores","operation":"full reindex(legacy)","status":"Progress 1\/1, processed 1, synced 1","elapsed":"980 ms","pid":"15176","caller":"bin\/magento indexer:reindex"} [] []
[2026-03-13T18:20:25.116418+00:00] main.INFO: {"feed":"stores","operation":"full reindex(legacy)","status":"Complete","elapsed":"986 ms","pid":"15176","caller":"bin\/magento indexer:reindex"} [] []
[2026-03-13T18:43:18.224145+00:00] main.INFO: {"feed":"salesOrders","operation":"full reindex(legacy)","status":"Initialize","elapsed":"00:00:00 747 ms","pid":"7776","caller":"bin\/magento indexer:reindex"} [] []
[2026-03-13T18:43:18.610423+00:00] main.INFO: {"feed":"salesOrders","operation":"full reindex(legacy)","status":"Creating batch table `sales_data_exporter_orders_index_batches`. Start position: 0","elapsed":"00:00:01 134 ms","pid":"7776","caller":"bin\/magento indexer:reindex"} [] []
[2026-03-13T18:43:18.697082+00:00] main.INFO: {"feed":"salesOrders","operation":"full reindex(legacy)","status":"Batch table `sales_data_exporter_orders_index_batches` created. Total Items: 0, batches: ~0","elapsed":"00:00:01 220 ms","pid":"7776","caller":"bin\/magento indexer:reindex"} [] []
[2026-03-13T18:43:18.697781+00:00] main.INFO: {"feed":"salesOrders","operation":"full reindex(legacy)","status":"nothing to process - no items to sync. Not expected? Are there any items in source table `sales_order`?","elapsed":"00:00:01 221 ms","pid":"7776","caller":"bin\/magento indexer:reindex"} [] []
[2026-03-13T18:43:18.702376+00:00] main.INFO: {"feed":"salesOrders","operation":"full reindex(legacy)","status":"Complete","elapsed":"00:00:01 226 ms","pid":"7776","caller":"bin\/magento indexer:reindex"} [] []
[2026-03-13T18:43:18.774848+00:00] main.INFO: {"feed":"salesOrderStatuses","operation":"full reindex(legacy)","status":"Initialize","elapsed":"849 ms","pid":"7776","caller":"bin\/magento indexer:reindex"} [] []
[2026-03-13T18:43:19.067361+00:00] main.INFO: {"feed":"salesOrderStatuses","operation":"full reindex(legacy)","status":"Creating batch table `sales_data_exporter_order_statuses_index_batches`. Start position: ","elapsed":"00:00:00 141 ms","pid":"7776","caller":"bin\/magento indexer:reindex"} [] []
[2026-03-13T18:43:19.169680+00:00] main.INFO: {"feed":"salesOrderStatuses","operation":"full reindex(legacy)","status":"Batch table `sales_data_exporter_order_statuses_index_batches` created. Total Items: 12, batches: ~0","elapsed":"00:00:00 244 ms","pid":"7776","caller":"bin\/magento indexer:reindex"} [] []
[2026-03-13T18:43:19.170670+00:00] main.INFO: {"feed":"salesOrderStatuses","operation":"full reindex(legacy)","status":"start processing `12` items in `1` threads with `100` batch size","elapsed":"00:00:00 245 ms","pid":"7776","caller":"bin\/magento indexer:reindex"} [] []
[2026-03-13T18:43:19.369698+00:00] main.INFO: {"feed":"salesOrderStatuses","operation":"full reindex(legacy)","status":"Progress 1\/1, processed 12, synced 12","elapsed":"00:00:01 444 ms","pid":"7776","caller":"bin\/magento indexer:reindex"} [] []
[2026-03-13T18:43:19.440924+00:00] main.INFO: {"feed":"salesOrderStatuses","operation":"full reindex(legacy)","status":"Complete","elapsed":"00:00:01 515 ms","pid":"7776","caller":"bin\/magento indexer:reindex"} [] []
[2026-03-13T18:43:19.539541+00:00] main.INFO: {"feed":"stores","operation":"full reindex(legacy)","status":"Initialize","elapsed":"378 ms","pid":"7776","caller":"bin\/magento indexer:reindex"} [] []
[2026-03-13T18:43:19.749276+00:00] main.INFO: {"feed":"stores","operation":"full reindex(legacy)","status":"Creating batch table `stores_data_exporter_index_batches`. Start position: 0","elapsed":"588 ms","pid":"7776","caller":"bin\/magento indexer:reindex"} [] []
[2026-03-13T18:43:19.834533+00:00] main.INFO: {"feed":"stores","operation":"full reindex(legacy)","status":"Batch table `stores_data_exporter_index_batches` created. Total Items: 1, batches: ~0","elapsed":"673 ms","pid":"7776","caller":"bin\/magento indexer:reindex"} [] []
[2026-03-13T18:43:19.835432+00:00] main.INFO: {"feed":"stores","operation":"full reindex(legacy)","status":"start processing `1` items in `1` threads with `100` batch size","elapsed":"674 ms","pid":"7776","caller":"bin\/magento indexer:reindex"} [] []
[2026-03-13T18:43:19.987683+00:00] main.INFO: {"feed":"stores","operation":"full reindex(legacy)","status":"Progress 1\/1, processed 1, synced 1","elapsed":"826 ms","pid":"7776","caller":"bin\/magento indexer:reindex"} [] []
[2026-03-13T18:43:20.002913+00:00] main.INFO: {"feed":"stores","operation":"full reindex(legacy)","status":"Complete","elapsed":"842 ms","pid":"7776","caller":"bin\/magento indexer:reindex"} [] []
[2026-03-13T19:06:39.800439+00:00] main.INFO: {"feed":"salesOrders","operation":"full reindex(legacy)","status":"Initialize","elapsed":"900 ms","pid":"4380","caller":"bin\/magento indexer:reindex"} [] []
[2026-03-13T19:06:40.141042+00:00] main.INFO: {"feed":"salesOrders","operation":"full reindex(legacy)","status":"Creating batch table `sales_data_exporter_orders_index_batches`. Start position: 0","elapsed":"00:00:00 241 ms","pid":"4380","caller":"bin\/magento indexer:reindex"} [] []
[2026-03-13T19:06:40.281525+00:00] main.INFO: {"feed":"salesOrders","operation":"full reindex(legacy)","status":"Batch table `sales_data_exporter_orders_index_batches` created. Total Items: 0, batches: ~0","elapsed":"00:00:00 381 ms","pid":"4380","caller":"bin\/magento indexer:reindex"} [] []
[2026-03-13T19:06:40.282538+00:00] main.INFO: {"feed":"salesOrders","operation":"full reindex(legacy)","status":"nothing to process - no items to sync. Not expected? Are there any items in source table `sales_order`?","elapsed":"00:00:00 382 ms","pid":"4380","caller":"bin\/magento indexer:reindex"} [] []
[2026-03-13T19:06:40.334392+00:00] main.INFO: {"feed":"salesOrders","operation":"full reindex(legacy)","status":"Complete","elapsed":"00:00:00 434 ms","pid":"4380","caller":"bin\/magento indexer:reindex"} [] []
[2026-03-13T19:06:40.410912+00:00] main.INFO: {"feed":"salesOrderStatuses","operation":"full reindex(legacy)","status":"Initialize","elapsed":"121 ms","pid":"4380","caller":"bin\/magento indexer:reindex"} [] []
[2026-03-13T19:06:40.647012+00:00] main.INFO: {"feed":"salesOrderStatuses","operation":"full reindex(legacy)","status":"Creating batch table `sales_data_exporter_order_statuses_index_batches`. Start position: ","elapsed":"357 ms","pid":"4380","caller":"bin\/magento indexer:reindex"} [] []
[2026-03-13T19:06:40.810895+00:00] main.INFO: {"feed":"salesOrderStatuses","operation":"full reindex(legacy)","status":"Batch table `sales_data_exporter_order_statuses_index_batches` created. Total Items: 12, batches: ~0","elapsed":"521 ms","pid":"4380","caller":"bin\/magento indexer:reindex"} [] []
[2026-03-13T19:06:40.812052+00:00] main.INFO: {"feed":"salesOrderStatuses","operation":"full reindex(legacy)","status":"start processing `12` items in `1` threads with `100` batch size","elapsed":"522 ms","pid":"4380","caller":"bin\/magento indexer:reindex"} [] []
[2026-03-13T19:06:40.931449+00:00] main.INFO: {"feed":"salesOrderStatuses","operation":"full reindex(legacy)","status":"Progress 1\/1, processed 12, synced 12","elapsed":"642 ms","pid":"4380","caller":"bin\/magento indexer:reindex"} [] []
[2026-03-13T19:06:40.942215+00:00] main.INFO: {"feed":"salesOrderStatuses","operation":"full reindex(legacy)","status":"Complete","elapsed":"652 ms","pid":"4380","caller":"bin\/magento indexer:reindex"} [] []
[2026-03-13T19:06:41.006546+00:00] main.INFO: {"feed":"stores","operation":"full reindex(legacy)","status":"Initialize","elapsed":"00:00:00 312 ms","pid":"4380","caller":"bin\/magento indexer:reindex"} [] []
[2026-03-13T19:06:41.411808+00:00] main.INFO: {"feed":"stores","operation":"full reindex(legacy)","status":"Creating batch table `stores_data_exporter_index_batches`. Start position: 0","elapsed":"00:00:01 718 ms","pid":"4380","caller":"bin\/magento indexer:reindex"} [] []
[2026-03-13T19:06:41.482537+00:00] main.INFO: {"feed":"stores","operation":"full reindex(legacy)","status":"Batch table `stores_data_exporter_index_batches` created. Total Items: 1, batches: ~0","elapsed":"00:00:01 788 ms","pid":"4380","caller":"bin\/magento indexer:reindex"} [] []
[2026-03-13T19:06:41.483380+00:00] main.INFO: {"feed":"stores","operation":"full reindex(legacy)","status":"start processing `1` items in `1` threads with `100` batch size","elapsed":"00:00:01 789 ms","pid":"4380","caller":"bin\/magento indexer:reindex"} [] []
[2026-03-13T19:06:41.559472+00:00] main.INFO: {"feed":"stores","operation":"full reindex(legacy)","status":"Progress 1\/1, processed 1, synced 1","elapsed":"00:00:01 865 ms","pid":"4380","caller":"bin\/magento indexer:reindex"} [] []
[2026-03-13T19:06:41.572172+00:00] main.INFO: {"feed":"stores","operation":"full reindex(legacy)","status":"Complete","elapsed":"00:00:01 878 ms","pid":"4380","caller":"bin\/magento indexer:reindex"} [] []
[2026-03-13T19:10:45.279361+00:00] main.INFO: {"feed":"salesOrders","operation":"full reindex(legacy)","status":"Initialize","elapsed":"00:00:00 858 ms","pid":"15128","caller":"bin\/magento indexer:reindex"} [] []
[2026-03-13T19:10:45.507547+00:00] main.INFO: {"feed":"salesOrders","operation":"full reindex(legacy)","status":"Creating batch table `sales_data_exporter_orders_index_batches`. Start position: 0","elapsed":"00:00:01 86 ms","pid":"15128","caller":"bin\/magento indexer:reindex"} [] []
[2026-03-13T19:10:45.607645+00:00] main.INFO: {"feed":"salesOrders","operation":"full reindex(legacy)","status":"Batch table `sales_data_exporter_orders_index_batches` created. Total Items: 0, batches: ~0","elapsed":"00:00:01 186 ms","pid":"15128","caller":"bin\/magento indexer:reindex"} [] []
[2026-03-13T19:10:45.609149+00:00] main.INFO: {"feed":"salesOrders","operation":"full reindex(legacy)","status":"nothing to process - no items to sync. Not expected? Are there any items in source table `sales_order`?","elapsed":"00:00:01 188 ms","pid":"15128","caller":"bin\/magento indexer:reindex"} [] []
[2026-03-13T19:10:45.616677+00:00] main.INFO: {"feed":"salesOrders","operation":"full reindex(legacy)","status":"Complete","elapsed":"00:00:01 195 ms","pid":"15128","caller":"bin\/magento indexer:reindex"} [] []
[2026-03-13T19:10:45.688635+00:00] main.INFO: {"feed":"salesOrderStatuses","operation":"full reindex(legacy)","status":"Initialize","elapsed":"676 ms","pid":"15128","caller":"bin\/magento indexer:reindex"} [] []
[2026-03-13T19:10:45.847446+00:00] main.INFO: {"feed":"salesOrderStatuses","operation":"full reindex(legacy)","status":"Creating batch table `sales_data_exporter_order_statuses_index_batches`. Start position: ","elapsed":"835 ms","pid":"15128","caller":"bin\/magento indexer:reindex"} [] []
[2026-03-13T19:10:45.921556+00:00] main.INFO: {"feed":"salesOrderStatuses","operation":"full reindex(legacy)","status":"Batch table `sales_data_exporter_order_statuses_index_batches` created. Total Items: 12, batches: ~0","elapsed":"909 ms","pid":"15128","caller":"bin\/magento indexer:reindex"} [] []
[2026-03-13T19:10:45.922546+00:00] main.INFO: {"feed":"salesOrderStatuses","operation":"full reindex(legacy)","status":"start processing `12` items in `1` threads with `100` batch size","elapsed":"910 ms","pid":"15128","caller":"bin\/magento indexer:reindex"} [] []
[2026-03-13T19:10:46.054919+00:00] main.INFO: {"feed":"salesOrderStatuses","operation":"full reindex(legacy)","status":"Progress 1\/1, processed 12, synced 12","elapsed":"00:00:00 43 ms","pid":"15128","caller":"bin\/magento indexer:reindex"} [] []
[2026-03-13T19:10:46.067026+00:00] main.INFO: {"feed":"salesOrderStatuses","operation":"full reindex(legacy)","status":"Complete","elapsed":"00:00:00 55 ms","pid":"15128","caller":"bin\/magento indexer:reindex"} [] []
[2026-03-13T19:10:46.205551+00:00] main.INFO: {"feed":"stores","operation":"full reindex(legacy)","status":"Initialize","elapsed":"00:00:00 710 ms","pid":"15128","caller":"bin\/magento indexer:reindex"} [] []
[2026-03-13T19:10:46.418325+00:00] main.INFO: {"feed":"stores","operation":"full reindex(legacy)","status":"Creating batch table `stores_data_exporter_index_batches`. Start position: 0","elapsed":"00:00:01 923 ms","pid":"15128","caller":"bin\/magento indexer:reindex"} [] []
[2026-03-13T19:10:46.483448+00:00] main.INFO: {"feed":"stores","operation":"full reindex(legacy)","status":"Batch table `stores_data_exporter_index_batches` created. Total Items: 1, batches: ~0","elapsed":"00:00:01 988 ms","pid":"15128","caller":"bin\/magento indexer:reindex"} [] []
[2026-03-13T19:10:46.484186+00:00] main.INFO: {"feed":"stores","operation":"full reindex(legacy)","status":"start processing `1` items in `1` threads with `100` batch size","elapsed":"00:00:01 989 ms","pid":"15128","caller":"bin\/magento indexer:reindex"} [] []
[2026-03-13T19:10:46.540173+00:00] main.INFO: {"feed":"stores","operation":"full reindex(legacy)","status":"Progress 1\/1, processed 1, synced 1","elapsed":"00:00:01 45 ms","pid":"15128","caller":"bin\/magento indexer:reindex"} [] []
[2026-03-13T19:10:46.549497+00:00] main.INFO: {"feed":"stores","operation":"full reindex(legacy)","status":"Complete","elapsed":"00:00:01 54 ms","pid":"15128","caller":"bin\/magento indexer:reindex"} [] []
[2026-03-13T20:17:31.677159+00:00] main.INFO: {"feed":"salesOrders","operation":"full reindex(legacy)","status":"Initialize","elapsed":"653 ms","pid":"6004","caller":"bin\/magento indexer:reindex"} [] []
[2026-03-13T20:17:32.123223+00:00] main.INFO: {"feed":"salesOrders","operation":"full reindex(legacy)","status":"Creating batch table `sales_data_exporter_orders_index_batches`. Start position: 0","elapsed":"00:00:00 100 ms","pid":"6004","caller":"bin\/magento indexer:reindex"} [] []
[2026-03-13T20:17:32.208834+00:00] main.INFO: {"feed":"salesOrders","operation":"full reindex(legacy)","status":"Batch table `sales_data_exporter_orders_index_batches` created. Total Items: 0, batches: ~0","elapsed":"00:00:00 185 ms","pid":"6004","caller":"bin\/magento indexer:reindex"} [] []
[2026-03-13T20:17:32.209704+00:00] main.INFO: {"feed":"salesOrders","operation":"full reindex(legacy)","status":"nothing to process - no items to sync. Not expected? Are there any items in source table `sales_order`?","elapsed":"00:00:00 186 ms","pid":"6004","caller":"bin\/magento indexer:reindex"} [] []
[2026-03-13T20:17:32.496609+00:00] main.INFO: {"feed":"salesOrders","operation":"full reindex(legacy)","status":"Complete","elapsed":"00:00:01 473 ms","pid":"6004","caller":"bin\/magento indexer:reindex"} [] []
[2026-03-13T20:17:32.678927+00:00] main.INFO: {"feed":"salesOrderStatuses","operation":"full reindex(legacy)","status":"Initialize","elapsed":"657 ms","pid":"6004","caller":"bin\/magento indexer:reindex"} [] []
[2026-03-13T20:17:32.998030+00:00] main.INFO: {"feed":"salesOrderStatuses","operation":"full reindex(legacy)","status":"Creating batch table `sales_data_exporter_order_statuses_index_batches`. Start position: ","elapsed":"976 ms","pid":"6004","caller":"bin\/magento indexer:reindex"} [] []
[2026-03-13T20:17:33.087671+00:00] main.INFO: {"feed":"salesOrderStatuses","operation":"full reindex(legacy)","status":"Batch table `sales_data_exporter_order_statuses_index_batches` created. Total Items: 12, batches: ~0","elapsed":"00:00:00 66 ms","pid":"6004","caller":"bin\/magento indexer:reindex"} [] []
[2026-03-13T20:17:33.088769+00:00] main.INFO: {"feed":"salesOrderStatuses","operation":"full reindex(legacy)","status":"start processing `12` items in `1` threads with `100` batch size","elapsed":"00:00:00 67 ms","pid":"6004","caller":"bin\/magento indexer:reindex"} [] []
[2026-03-13T20:17:34.242029+00:00] main.INFO: {"feed":"salesOrderStatuses","operation":"full reindex(legacy)","status":"Progress 1\/1, processed 12, synced 12","elapsed":"00:00:01 220 ms","pid":"6004","caller":"bin\/magento indexer:reindex"} [] []
[2026-03-13T20:17:34.261260+00:00] main.INFO: {"feed":"salesOrderStatuses","operation":"full reindex(legacy)","status":"Complete","elapsed":"00:00:01 239 ms","pid":"6004","caller":"bin\/magento indexer:reindex"} [] []
[2026-03-13T20:17:34.442330+00:00] main.INFO: {"feed":"stores","operation":"full reindex(legacy)","status":"Initialize","elapsed":"184 ms","pid":"6004","caller":"bin\/magento indexer:reindex"} [] []
[2026-03-13T20:17:35.571821+00:00] main.INFO: {"feed":"stores","operation":"full reindex(legacy)","status":"Creating batch table `stores_data_exporter_index_batches`. Start position: 0","elapsed":"00:00:01 313 ms","pid":"6004","caller":"bin\/magento indexer:reindex"} [] []
[2026-03-13T20:17:35.741014+00:00] main.INFO: {"feed":"stores","operation":"full reindex(legacy)","status":"Batch table `stores_data_exporter_index_batches` created. Total Items: 1, batches: ~0","elapsed":"00:00:01 482 ms","pid":"6004","caller":"bin\/magento indexer:reindex"} [] []
[2026-03-13T20:17:35.744921+00:00] main.INFO: {"feed":"stores","operation":"full reindex(legacy)","status":"start processing `1` items in `1` threads with `100` batch size","elapsed":"00:00:01 486 ms","pid":"6004","caller":"bin\/magento indexer:reindex"} [] []
[2026-03-13T20:17:36.067720+00:00] main.INFO: {"feed":"stores","operation":"full reindex(legacy)","status":"Progress 1\/1, processed 1, synced 1","elapsed":"00:00:01 809 ms","pid":"6004","caller":"bin\/magento indexer:reindex"} [] []
[2026-03-13T20:17:36.086108+00:00] main.INFO: {"feed":"stores","operation":"full reindex(legacy)","status":"Complete","elapsed":"00:00:01 828 ms","pid":"6004","caller":"bin\/magento indexer:reindex"} [] []
[2026-03-13T20:33:16.300897+00:00] main.INFO: {"feed":"salesOrders","operation":"full reindex(legacy)","status":"Initialize","elapsed":"00:00:00 901 ms","pid":"11776","caller":"bin\/magento indexer:reindex"} [] []
[2026-03-13T20:33:16.792618+00:00] main.INFO: {"feed":"salesOrders","operation":"full reindex(legacy)","status":"Creating batch table `sales_data_exporter_orders_index_batches`. Start position: 0","elapsed":"00:00:01 393 ms","pid":"11776","caller":"bin\/magento indexer:reindex"} [] []
[2026-03-13T20:33:16.875921+00:00] main.INFO: {"feed":"salesOrders","operation":"full reindex(legacy)","status":"Batch table `sales_data_exporter_orders_index_batches` created. Total Items: 0, batches: ~0","elapsed":"00:00:01 476 ms","pid":"11776","caller":"bin\/magento indexer:reindex"} [] []
[2026-03-13T20:33:16.876730+00:00] main.INFO: {"feed":"salesOrders","operation":"full reindex(legacy)","status":"nothing to process - no items to sync. Not expected? Are there any items in source table `sales_order`?","elapsed":"00:00:01 477 ms","pid":"11776","caller":"bin\/magento indexer:reindex"} [] []
[2026-03-13T20:33:16.884396+00:00] main.INFO: {"feed":"salesOrders","operation":"full reindex(legacy)","status":"Complete","elapsed":"00:00:01 484 ms","pid":"11776","caller":"bin\/magento indexer:reindex"} [] []
[2026-03-13T20:33:16.944597+00:00] main.INFO: {"feed":"salesOrderStatuses","operation":"full reindex(legacy)","status":"Initialize","elapsed":"00:00:00 188 ms","pid":"11776","caller":"bin\/magento indexer:reindex"} [] []
[2026-03-13T20:33:17.304928+00:00] main.INFO: {"feed":"salesOrderStatuses","operation":"full reindex(legacy)","status":"Creating batch table `sales_data_exporter_order_statuses_index_batches`. Start position: ","elapsed":"00:00:00 549 ms","pid":"11776","caller":"bin\/magento indexer:reindex"} [] []
[2026-03-13T20:33:17.439315+00:00] main.INFO: {"feed":"salesOrderStatuses","operation":"full reindex(legacy)","status":"Batch table `sales_data_exporter_order_statuses_index_batches` created. Total Items: 12, batches: ~0","elapsed":"00:00:01 683 ms","pid":"11776","caller":"bin\/magento indexer:reindex"} [] []
[2026-03-13T20:33:17.440270+00:00] main.INFO: {"feed":"salesOrderStatuses","operation":"full reindex(legacy)","status":"start processing `12` items in `1` threads with `100` batch size","elapsed":"00:00:01 684 ms","pid":"11776","caller":"bin\/magento indexer:reindex"} [] []
[2026-03-13T20:33:17.783644+00:00] main.INFO: {"feed":"salesOrderStatuses","operation":"full reindex(legacy)","status":"Progress 1\/1, processed 12, synced 12","elapsed":"00:00:01 27 ms","pid":"11776","caller":"bin\/magento indexer:reindex"} [] []
[2026-03-13T20:33:17.795428+00:00] main.INFO: {"feed":"salesOrderStatuses","operation":"full reindex(legacy)","status":"Complete","elapsed":"00:00:01 39 ms","pid":"11776","caller":"bin\/magento indexer:reindex"} [] []
[2026-03-13T20:33:17.858695+00:00] main.INFO: {"feed":"stores","operation":"full reindex(legacy)","status":"Initialize","elapsed":"00:00:00 17 ms","pid":"11776","caller":"bin\/magento indexer:reindex"} [] []
[2026-03-13T20:33:18.114532+00:00] main.INFO: {"feed":"stores","operation":"full reindex(legacy)","status":"Creating batch table `stores_data_exporter_index_batches`. Start position: 0","elapsed":"00:00:00 272 ms","pid":"11776","caller":"bin\/magento indexer:reindex"} [] []
[2026-03-13T20:33:18.274760+00:00] main.INFO: {"feed":"stores","operation":"full reindex(legacy)","status":"Batch table `stores_data_exporter_index_batches` created. Total Items: 1, batches: ~0","elapsed":"00:00:00 433 ms","pid":"11776","caller":"bin\/magento indexer:reindex"} [] []
[2026-03-13T20:33:18.276096+00:00] main.INFO: {"feed":"stores","operation":"full reindex(legacy)","status":"start processing `1` items in `1` threads with `100` batch size","elapsed":"00:00:00 434 ms","pid":"11776","caller":"bin\/magento indexer:reindex"} [] []
[2026-03-13T20:33:18.344212+00:00] main.INFO: {"feed":"stores","operation":"full reindex(legacy)","status":"Progress 1\/1, processed 1, synced 1","elapsed":"00:00:00 502 ms","pid":"11776","caller":"bin\/magento indexer:reindex"} [] []
[2026-03-13T20:33:18.352552+00:00] main.INFO: {"feed":"stores","operation":"full reindex(legacy)","status":"Complete","elapsed":"00:00:01 510 ms","pid":"11776","caller":"bin\/magento indexer:reindex"} [] []
